<?xml version="1.0" encoding="utf-8"?><testsuites name="pytest tests"><testsuite name="pytest" errors="0" failures="0" skipped="0" tests="9" time="1.280" timestamp="2026-05-01T18:18:27.750051+00:00" hostname="agent-env-79f51a82-e8e4-4223-95d1-28f5d97386c9"><testcase classname="backend.tests.test_api.TestProjects" name="test_get_projects_returns_6" time="0.431" /><testcase classname="backend.tests.test_api.TestProjects" name="test_project_fields_and_highlight" time="0.110" /><testcase classname="backend.tests.test_api.TestServices" name="test_get_services_returns_6" time="0.087" /><testcase classname="backend.tests.test_api.TestServices" name="test_service_fields" time="0.070" /><testcase classname="backend.tests.test_api.TestContact" name="test_contact_valid_persists" time="0.161" /><testcase classname="backend.tests.test_api.TestContact" name="test_contact_invalid_short_name" time="0.068" /><testcase classname="backend.tests.test_api.TestContact" name="test_contact_invalid_email" time="0.070" /><testcase classname="backend.tests.test_api.TestContact" name="test_contact_invalid_short_message" time="0.066" /><testcase classname="backend.tests.test_api.TestStatus" name="test_status_post_and_get" time="0.141" /></testsuite></testsuites>